<?xml version="1.0" encoding="UTF-8"?>
<!-- Generated by org.testng.reporters.JUnitReportReporter -->
<testsuite skipped="0" hostname="LAPTOP-QB66H2N4" name="testcases.HeaderVerification" tests="1" failures="0" timestamp="2020-08-12T15:01:20 IST" time="132.828" errors="0">
  <testcase name="verifyHeader" time="132.828" classname="testcases.HeaderVerification"/>
  <system-out/>
</testsuite> <!-- testcases.HeaderVerification -->
