<?xml version="1.0" encoding="UTF-8"?>
<!-- Generated by org.testng.reporters.JUnitReportReporter -->
<testsuite skipped="0" hostname="LAPTOP-QB66H2N4" name="testcases.HomePage" tests="2" failures="0" timestamp="2020-08-12T15:01:21 IST" time="151.830" errors="0">
  <testcase name="baseNavigation" time="128.649" classname="testcases.HomePage"/>
  <system-out/>
  <testcase name="baseNavigation" time="23.181" classname="testcases.HomePage"/>
  <system-out/>
</testsuite> <!-- testcases.HomePage -->
