<?xml version="1.0" encoding="UTF-8"?>
<!-- Generated by org.testng.reporters.JUnitReportReporter -->
<testsuite skipped="0" hostname="LAPTOP-QB66H2N4" name="testcases.HomePage" tests="2" failures="0" timestamp="2020-08-12T15:27:27 IST" time="86.271" errors="0">
  <testcase name="baseNavigation" time="32.927" classname="testcases.HomePage"/>
  <system-out/>
  <testcase name="baseNavigation" time="53.344" classname="testcases.HomePage"/>
  <system-out/>
</testsuite> <!-- testcases.HomePage -->
