<?xml version="1.0" encoding="UTF-8"?>
<!-- Generated by org.testng.reporters.JUnitReportReporter -->
<testsuite skipped="0" hostname="LAPTOP-QB66H2N4" name="testcases.ValidateTitle" tests="1" failures="0" timestamp="2020-08-11T22:01:55 IST" time="16.036" errors="0">
  <testcase name="verifyTitle" time="16.036" classname="testcases.ValidateTitle"/>
  <system-out/>
</testsuite> <!-- testcases.ValidateTitle -->
