<?xml version="1.0" encoding="UTF-8"?>
<!-- Generated by org.testng.reporters.JUnitReportReporter -->
<testsuite skipped="0" hostname="LAPTOP-QB66H2N4" name="testcases.HeaderVerification" tests="1" failures="0" timestamp="2020-08-12T15:27:27 IST" time="55.295" errors="0">
  <testcase name="verifyHeader" time="55.295" classname="testcases.HeaderVerification"/>
  <system-out/>
</testsuite> <!-- testcases.HeaderVerification -->
